  CreativeWork.cpp
C:\Users\aynur\Desktop\КГ\CreativeWork\CreativeWork\CreativeWork.cpp(36,34): warning C4305: аргумент: усечение из "double" в "GLclampf"
C:\Users\aynur\Desktop\КГ\CreativeWork\CreativeWork\CreativeWork.cpp(116,22): warning C4244: аргумент: преобразование "int" в "GLfloat", возможна потеря данных
C:\Users\aynur\Desktop\КГ\CreativeWork\CreativeWork\CreativeWork.cpp(116,13): warning C4244: аргумент: преобразование "int" в "GLfloat", возможна потеря данных
C:\Users\aynur\Desktop\КГ\CreativeWork\CreativeWork\CreativeWork.cpp(124,31): warning C4305: аргумент: усечение из "double" в "GLfloat"
C:\Users\aynur\Desktop\КГ\CreativeWork\CreativeWork\CreativeWork.cpp(125,32): warning C4305: аргумент: усечение из "double" в "GLfloat"
C:\Users\aynur\Desktop\КГ\CreativeWork\CreativeWork\CreativeWork.cpp(132,32): warning C4305: аргумент: усечение из "double" в "GLfloat"
C:\Users\aynur\Desktop\КГ\CreativeWork\CreativeWork\CreativeWork.cpp(137,30): warning C4305: аргумент: усечение из "double" в "GLfloat"
C:\Users\aynur\Desktop\КГ\CreativeWork\CreativeWork\CreativeWork.cpp(139,31): warning C4305: аргумент: усечение из "double" в "GLfloat"
C:\Users\aynur\Desktop\КГ\CreativeWork\CreativeWork\CreativeWork.cpp(143,28): warning C4305: аргумент: усечение из "double" в "GLfloat"
C:\Users\aynur\Desktop\КГ\CreativeWork\CreativeWork\CreativeWork.cpp(153,31): warning C4305: аргумент: усечение из "double" в "GLfloat"
C:\Users\aynur\Desktop\КГ\CreativeWork\CreativeWork\CreativeWork.cpp(154,31): warning C4305: аргумент: усечение из "double" в "GLfloat"
C:\Users\aynur\Desktop\КГ\CreativeWork\CreativeWork\CreativeWork.cpp(160,31): warning C4305: аргумент: усечение из "double" в "GLfloat"
C:\Users\aynur\Desktop\КГ\CreativeWork\CreativeWork\CreativeWork.cpp(161,31): warning C4305: аргумент: усечение из "double" в "GLfloat"
C:\Users\aynur\Desktop\КГ\CreativeWork\CreativeWork\CreativeWork.cpp(165,28): warning C4305: аргумент: усечение из "double" в "GLfloat"
C:\Users\aynur\Desktop\КГ\CreativeWork\CreativeWork\CreativeWork.cpp(175,30): warning C4305: аргумент: усечение из "double" в "GLfloat"
C:\Users\aynur\Desktop\КГ\CreativeWork\CreativeWork\CreativeWork.cpp(181,28): warning C4305: аргумент: усечение из "double" в "GLfloat"
C:\Users\aynur\Desktop\КГ\CreativeWork\CreativeWork\CreativeWork.cpp(182,29): warning C4305: аргумент: усечение из "double" в "GLfloat"
C:\Users\aynur\Desktop\КГ\CreativeWork\CreativeWork\CreativeWork.cpp(187,28): warning C4305: аргумент: усечение из "double" в "GLfloat"
C:\Users\aynur\Desktop\КГ\CreativeWork\CreativeWork\CreativeWork.cpp(197,30): warning C4305: аргумент: усечение из "double" в "GLfloat"
C:\Users\aynur\Desktop\КГ\CreativeWork\CreativeWork\CreativeWork.cpp(204,30): warning C4305: аргумент: усечение из "double" в "GLfloat"
C:\Users\aynur\Desktop\КГ\CreativeWork\CreativeWork\CreativeWork.cpp(211,30): warning C4305: аргумент: усечение из "double" в "GLfloat"
C:\Users\aynur\Desktop\КГ\CreativeWork\CreativeWork\CreativeWork.cpp(218,30): warning C4305: аргумент: усечение из "double" в "GLfloat"
C:\Users\aynur\Desktop\КГ\CreativeWork\CreativeWork\CreativeWork.cpp(225,30): warning C4305: аргумент: усечение из "double" в "GLfloat"
C:\Users\aynur\Desktop\КГ\CreativeWork\CreativeWork\CreativeWork.cpp(232,29): warning C4305: аргумент: усечение из "double" в "GLfloat"
C:\Users\aynur\Desktop\КГ\CreativeWork\CreativeWork\CreativeWork.cpp(241,30): warning C4305: аргумент: усечение из "double" в "GLfloat"
C:\Users\aynur\Desktop\КГ\CreativeWork\CreativeWork\CreativeWork.cpp(248,30): warning C4305: аргумент: усечение из "double" в "GLfloat"
C:\Users\aynur\Desktop\КГ\CreativeWork\CreativeWork\CreativeWork.cpp(255,30): warning C4305: аргумент: усечение из "double" в "GLfloat"
C:\Users\aynur\Desktop\КГ\CreativeWork\CreativeWork\CreativeWork.cpp(262,30): warning C4305: аргумент: усечение из "double" в "GLfloat"
C:\Users\aynur\Desktop\КГ\CreativeWork\CreativeWork\CreativeWork.cpp(269,30): warning C4305: аргумент: усечение из "double" в "GLfloat"
C:\Users\aynur\Desktop\КГ\CreativeWork\CreativeWork\CreativeWork.cpp(276,29): warning C4305: аргумент: усечение из "double" в "GLfloat"
C:\Users\aynur\Desktop\КГ\CreativeWork\CreativeWork\CreativeWork.cpp(307,27): warning C4305: аргумент: усечение из "double" в "GLfloat"
C:\Users\aynur\Desktop\КГ\CreativeWork\CreativeWork\CreativeWork.cpp(313,28): warning C4305: аргумент: усечение из "double" в "GLfloat"
C:\Users\aynur\Desktop\КГ\CreativeWork\CreativeWork\CreativeWork.cpp(315,27): warning C4305: аргумент: усечение из "double" в "GLfloat"
C:\Users\aynur\Desktop\КГ\CreativeWork\CreativeWork\CreativeWork.cpp(368,27): warning C4305: аргумент: усечение из "double" в "GLfloat"
C:\Users\aynur\Desktop\КГ\CreativeWork\CreativeWork\CreativeWork.cpp(376,27): warning C4305: аргумент: усечение из "double" в "GLfloat"
C:\Users\aynur\Desktop\КГ\CreativeWork\CreativeWork\CreativeWork.cpp(384,27): warning C4305: аргумент: усечение из "double" в "GLfloat"
C:\Users\aynur\Desktop\КГ\CreativeWork\CreativeWork\CreativeWork.cpp(392,27): warning C4305: аргумент: усечение из "double" в "GLfloat"
  CreativeWork.vcxproj -> C:\Users\aynur\Desktop\КГ\CreativeWork\Debug\CreativeWork.exe
